<?xml version="1.0" encoding="UTF-8"?>
<testsuite name="demo.CucumberRunner" tests="0" skipped="0" failures="0" errors="0" timestamp="1970-01-01T00:00:00" hostname="DESKTOP-RDQV5OE" time="0.0">
  <properties/>
  <system-out><![CDATA[  ?[32mGiven ?[0m?[32muser skip pop up banner?[0m                        ?[90m# demo.steps_definition.ElevaniaSteps.userSkipPopUpBanner()?[0m
  ?[32mAnd ?[0m?[32muser type on search bar ?[0m?[32m?[1m"komputer"?[0m               ?[90m# demo.steps_definition.ElevaniaSteps.userTypeOnSearchBar(java.lang.String)?[0m
  ?[32mThen ?[0m?[32muser choose best product?[0m                        ?[90m# demo.steps_definition.ElevaniaSteps.userChooseBestProduct()?[0m
  ?[32mAnd ?[0m?[32muser choose the first product?[0m                    ?[90m# demo.steps_definition.ElevaniaSteps.userChooseTheFirstProduct()?[0m
  ?[32mThen ?[0m?[32muser can see the details of product?[0m             ?[90m# demo.steps_definition.ElevaniaSteps.isSeeDetailsProduct()?[0m
  ?[32mAnd ?[0m?[32muser add item ?[0m?[32m?[1m"3"?[0m                                ?[90m# demo.steps_definition.ElevaniaSteps.userAddItem(java.lang.String)?[0m
  ?[32mAnd ?[0m?[32muser choose add to cart?[0m                          ?[90m# demo.steps_definition.ElevaniaSteps.userChooseAddToCart()?[0m
  ?[32mAnd ?[0m?[32muser choose ya on confirmation page?[0m              ?[90m# demo.steps_definition.ElevaniaSteps.userChooseYa()?[0m
  ?[32mThen ?[0m?[32muser can see the details of cart?[0m                ?[90m# demo.steps_definition.ElevaniaSteps.isSeeDetailsOfCart()?[0m
  ?[32mAnd ?[0m?[32muser choose change kurir?[0m                         ?[90m# demo.steps_definition.ElevaniaSteps.userChooseChangeKurir()?[0m
  ?[32mAnd ?[0m?[32muser choose cancel?[0m                               ?[90m# demo.steps_definition.ElevaniaSteps.userChooseCancel()?[0m
  ?[32mAnd ?[0m?[32muser choose delete product?[0m                       ?[90m# demo.steps_definition.ElevaniaSteps.userChooseDeleteProduct()?[0m
  ?[32mAnd ?[0m?[32muser choose ok delete?[0m                            ?[90m# demo.steps_definition.ElevaniaSteps.userChooseOkDelete()?[0m
  ?[32mThen ?[0m?[32muser can see empty product on the shopping cart?[0m ?[90m# demo.steps_definition.ElevaniaSteps.userSeeTheEmptyProduct()?[0m
]]></system-out>
  <system-err><![CDATA[?[32m?[1m??????????????????????????????????????????????????????????????????????????????????????[0m
?[32m?[1m??[0m Share your Cucumber Report with your team at ?[36m?[1m?[4mhttps://reports.cucumber.io?[0m          ?[32m?[1m??[0m
?[32m?[1m??[0m Activate publishing with one of the following:                                    ?[32m?[1m??[0m
?[32m?[1m??[0m                                                                                   ?[32m?[1m??[0m
?[32m?[1m??[0m src/test/resources/cucumber.properties:          ?[36mcucumber.publish.enabled?[0m=?[36mtrue?[0m    ?[32m?[1m??[0m
?[32m?[1m??[0m src/test/resources/junit-platform.properties:    ?[36mcucumber.publish.enabled?[0m=?[36mtrue?[0m    ?[32m?[1m??[0m
?[32m?[1m??[0m Environment variable:                            ?[36mCUCUMBER_PUBLISH_ENABLED?[0m=?[36mtrue?[0m    ?[32m?[1m??[0m
?[32m?[1m??[0m JUnit:                                           ?[36m@CucumberOptions?[0m(publish = ?[36mtrue?[0m) ?[32m?[1m??[0m
?[32m?[1m??[0m                                                                                   ?[32m?[1m??[0m
?[32m?[1m??[0m More information at ?[36mhttps://cucumber.io/docs/cucumber/environment-variables/?[0m      ?[32m?[1m??[0m
?[32m?[1m??[0m                                                                                   ?[32m?[1m??[0m
?[32m?[1m??[0m Disable this message with one of the following:                                   ?[32m?[1m??[0m
?[32m?[1m??[0m                                                                                   ?[32m?[1m??[0m
?[32m?[1m??[0m src/test/resources/cucumber.properties:          ?[36mcucumber.publish.quiet?[0m=?[36mtrue?[0m      ?[32m?[1m??[0m
?[32m?[1m??[0m src/test/resources/junit-platform.properties:    ?[36mcucumber.publish.quiet?[0m=?[36mtrue?[0m      ?[32m?[1m??[0m
?[32m?[1m??????????????????????????????????????????????????????????????????????????????????????[0m
]]></system-err>
</testsuite>
